<?xml version="1.0" encoding="UTF-8"?>
<!-- Generated by org.testng.reporters.JUnitReportReporter -->
<testsuite skipped="0" hostname="FINCASH-TECH6" name="amfi.PostCityList" tests="1" failures="0" timestamp="08 Feb 2019 11:22:34 GMT" time="270.983" errors="0">
  <testcase name="downloadDistributorData" time="270.983" classname="amfi.PostCityList"/>
</testsuite> <!-- amfi.PostCityList -->
