<?xml version="1.0" encoding="UTF-8"?>
<!-- Generated by org.testng.reporters.JUnitReportReporter -->
<testsuite skipped="0" hostname="FINCASH-TECH6" name="amfi.DistributorData" tests="1" failures="0" timestamp="09 Feb 2019 17:27:47 GMT" time="9.840" errors="0">
  <testcase name="downloadDistributorData" time="9.840" classname="amfi.DistributorData"/>
</testsuite> <!-- amfi.DistributorData -->
